"Task Aware Debugger for GDB" version 24.9.0 (202407110857)
Copyright 2016-2023 NXP
==================================
13:57:46.167 INFO: [TadModel] DSF session ID 54 has started.
13:57:53.700 INFO: [TadState] TAD state changed: DEBUG_STARTED -> DEBUG_INIT_0 (RESUMED, USER_REQUEST)
13:57:53.708 INFO: [TadState] TAD state changed: DEBUG_INIT_0 -> DEBUG_INIT_1 (SUSPENDED, SIGNAL)
13:57:54.954 INFO: [TadState] TAD state changed: DEBUG_INIT_1 -> DEBUG_SUSPENDED (RESUMED, USER_REQUEST)
13:57:54.979 INFO: [TadState] TAD state changed: DEBUG_SUSPENDED -> DEBUG_SUSPENDED (SUSPENDED, BREAKPOINT)
13:57:57.960 INFO: [TadState] TAD state changed: DEBUG_SUSPENDED -> DEBUG_RESUMED (RESUMED, STEP)
13:57:57.984 INFO: [TadState] TAD state changed: DEBUG_RESUMED -> READY (SUSPENDED, STEP)
13:57:58.426 INFO: [TadState] TAD state changed: READY -> DEBUG_RESUMED (RESUMED, STEP)
13:57:58.448 INFO: [TadState] TAD state changed: DEBUG_RESUMED -> READY (SUSPENDED, STEP)
13:57:58.673 INFO: [TadState] TAD state changed: READY -> DEBUG_RESUMED (RESUMED, STEP)
13:57:58.694 INFO: [TadState] TAD state changed: DEBUG_RESUMED -> READY (SUSPENDED, STEP)
13:57:59.152 INFO: [TadState] TAD state changed: READY -> DEBUG_RESUMED (RESUMED, STEP)
13:57:59.175 INFO: [TadState] TAD state changed: DEBUG_RESUMED -> READY (SUSPENDED, STEP)
13:57:59.480 INFO: [TadState] TAD state changed: READY -> DEBUG_RESUMED (RESUMED, STEP)
13:57:59.503 INFO: [TadState] TAD state changed: DEBUG_RESUMED -> READY (SUSPENDED, STEP)
13:57:59.897 INFO: [TadState] TAD state changed: READY -> DEBUG_RESUMED (RESUMED, STEP)
13:57:59.936 INFO: [TadState] TAD state changed: DEBUG_RESUMED -> READY (SUSPENDED, STEP)
13:58:00.223 INFO: [TadState] TAD state changed: READY -> DEBUG_RESUMED (RESUMED, STEP)
13:58:00.263 INFO: [TadState] TAD state changed: DEBUG_RESUMED -> READY (SUSPENDED, STEP)
13:58:00.501 INFO: [TadState] TAD state changed: READY -> DEBUG_RESUMED (RESUMED, STEP)
13:58:00.540 INFO: [TadState] TAD state changed: DEBUG_RESUMED -> READY (SUSPENDED, STEP)
13:58:01.452 INFO: [TadState] TAD state changed: READY -> DEBUG_RESUMED (RESUMED, STEP)
13:58:01.496 INFO: [TadState] TAD state changed: DEBUG_RESUMED -> READY (SUSPENDED, STEP)
13:58:01.949 INFO: [TadState] TAD state changed: READY -> DEBUG_RESUMED (RESUMED, STEP)
13:58:01.989 INFO: [TadState] TAD state changed: DEBUG_RESUMED -> READY (SUSPENDED, STEP)
13:58:02.443 INFO: [TadState] TAD state changed: READY -> DEBUG_RESUMED (RESUMED, STEP)
13:58:02.481 INFO: [TadState] TAD state changed: DEBUG_RESUMED -> READY (SUSPENDED, STEP)
13:58:03.157 INFO: [TadState] TAD state changed: READY -> DEBUG_RESUMED (RESUMED, STEP)
13:58:03.189 INFO: [TadState] TAD state changed: DEBUG_RESUMED -> READY (SUSPENDED, STEP)
13:58:03.716 INFO: [TadState] TAD state changed: READY -> DEBUG_RESUMED (RESUMED, STEP)
13:58:03.761 INFO: [TadState] TAD state changed: DEBUG_RESUMED -> READY (SUSPENDED, STEP)
13:58:04.291 INFO: [TadState] TAD state changed: READY -> DEBUG_RESUMED (RESUMED, STEP)
13:58:04.344 INFO: [TadState] TAD state changed: DEBUG_RESUMED -> READY (SUSPENDED, BREAKPOINT)
13:58:10.233 INFO: [TadState] TAD state changed: READY -> DEBUG_RESUMED (RESUMED, STEP)
13:58:10.297 INFO: [TadState] TAD state changed: DEBUG_RESUMED -> READY (SUSPENDED, STEP)
13:58:11.71 INFO: [TadState] TAD state changed: READY -> DEBUG_RESUMED (RESUMED, STEP)
13:58:11.102 INFO: [TadState] TAD state changed: DEBUG_RESUMED -> READY (SUSPENDED, STEP)
13:58:11.877 INFO: [TadState] TAD state changed: READY -> DEBUG_RESUMED (RESUMED, STEP)
13:58:11.902 INFO: [TadState] TAD state changed: DEBUG_RESUMED -> READY (SUSPENDED, STEP)
13:58:12.761 INFO: [TadState] TAD state changed: READY -> DEBUG_RESUMED (RESUMED, STEP)
13:58:12.895 INFO: [TadState] TAD state changed: DEBUG_RESUMED -> READY (SUSPENDED, STEP)
13:58:15.994 INFO: [TadState] TAD state changed: READY -> DEBUG_RESUMED (RESUMED, STEP)
13:58:16.24 INFO: [TadState] TAD state changed: DEBUG_RESUMED -> READY (SUSPENDED, STEP)
13:58:16.533 INFO: [TadState] TAD state changed: READY -> DEBUG_RESUMED (RESUMED, STEP)
13:58:16.556 INFO: [TadState] TAD state changed: DEBUG_RESUMED -> READY (SUSPENDED, STEP)
13:58:17.16 INFO: [TadState] TAD state changed: READY -> DEBUG_RESUMED (RESUMED, STEP)
13:58:17.57 INFO: [TadState] TAD state changed: DEBUG_RESUMED -> READY (SUSPENDED, STEP)
13:58:17.887 INFO: [TadState] TAD state changed: READY -> DEBUG_RESUMED (RESUMED, STEP)
13:58:17.905 INFO: [TadState] TAD state changed: DEBUG_RESUMED -> READY (SUSPENDED, STEP)
13:58:18.366 INFO: [TadState] TAD state changed: READY -> DEBUG_RESUMED (RESUMED, STEP)
13:58:18.400 INFO: [TadState] TAD state changed: DEBUG_RESUMED -> READY (SUSPENDED, STEP)
13:58:19.359 INFO: [TadState] TAD state changed: READY -> DEBUG_RESUMED (RESUMED, STEP)
13:58:19.404 INFO: [TadState] TAD state changed: DEBUG_RESUMED -> READY (SUSPENDED, STEP)
13:58:26.800 INFO: [TadState] TAD state changed: READY -> DEBUG_RESUMED (RESUMED, STEP)
13:58:26.854 INFO: [TadState] TAD state changed: DEBUG_RESUMED -> READY (SUSPENDED, BREAKPOINT)
13:58:28.63 INFO: [TadState] TAD state changed: READY -> DEBUG_RESUMED (RESUMED, STEP)
13:58:28.127 INFO: [TadState] TAD state changed: DEBUG_RESUMED -> READY (SUSPENDED, STEP)
13:58:28.904 INFO: [TadState] TAD state changed: READY -> DEBUG_RESUMED (RESUMED, STEP)
13:58:28.935 INFO: [TadState] TAD state changed: DEBUG_RESUMED -> READY (SUSPENDED, STEP)
13:58:30.470 INFO: [TadState] TAD state changed: READY -> DEBUG_RESUMED (RESUMED, STEP)
13:58:30.603 INFO: [TadState] TAD state changed: DEBUG_RESUMED -> READY (SUSPENDED, STEP)
13:58:31.260 INFO: [TadState] TAD state changed: READY -> DEBUG_RESUMED (RESUMED, STEP)
13:58:31.292 INFO: [TadState] TAD state changed: DEBUG_RESUMED -> READY (SUSPENDED, STEP)
13:58:32.66 INFO: [TadState] TAD state changed: READY -> DEBUG_RESUMED (RESUMED, STEP)
13:58:32.101 INFO: [TadState] TAD state changed: DEBUG_RESUMED -> READY (SUSPENDED, STEP)
13:58:32.842 INFO: [TadState] TAD state changed: READY -> DEBUG_RESUMED (RESUMED, STEP)
13:58:32.888 INFO: [TadState] TAD state changed: DEBUG_RESUMED -> READY (SUSPENDED, STEP)
13:58:35.305 INFO: [TadState] TAD state changed: READY -> DEBUG_RESUMED (RESUMED, STEP)
13:58:35.358 INFO: [TadState] TAD state changed: DEBUG_RESUMED -> READY (SUSPENDED, BREAKPOINT)
13:58:36.561 INFO: [TadState] TAD state changed: READY -> DEBUG_RESUMED (RESUMED, STEP)
13:58:36.624 INFO: [TadState] TAD state changed: DEBUG_RESUMED -> READY (SUSPENDED, STEP)
13:58:37.772 INFO: [TadState] TAD state changed: READY -> DEBUG_RESUMED (RESUMED, STEP)
13:58:37.803 INFO: [TadState] TAD state changed: DEBUG_RESUMED -> READY (SUSPENDED, STEP)
13:58:39.81 INFO: [TadState] TAD state changed: READY -> DEBUG_RESUMED (RESUMED, STEP)
13:58:39.216 INFO: [TadState] TAD state changed: DEBUG_RESUMED -> READY (SUSPENDED, STEP)
13:58:45.978 INFO: [TadState] TAD state changed: READY -> DEBUG_RESUMED (RESUMED, STEP)
13:58:46.09 INFO: [TadState] TAD state changed: DEBUG_RESUMED -> READY (SUSPENDED, STEP)
13:58:46.852 INFO: [TadState] TAD state changed: READY -> DEBUG_RESUMED (RESUMED, STEP)
13:58:46.886 INFO: [TadState] TAD state changed: DEBUG_RESUMED -> READY (SUSPENDED, STEP)
13:58:47.176 INFO: [TadState] TAD state changed: READY -> DEBUG_RESUMED (RESUMED, STEP)
13:58:47.222 INFO: [TadState] TAD state changed: DEBUG_RESUMED -> READY (SUSPENDED, STEP)
13:58:47.412 INFO: [TadState] TAD state changed: READY -> DEBUG_RESUMED (RESUMED, STEP)
13:58:47.516 INFO: [TadState] TAD state changed: DEBUG_RESUMED -> READY (SUSPENDED, BREAKPOINT)
13:58:47.645 INFO: [TadState] TAD state changed: READY -> DEBUG_RESUMED (RESUMED, STEP)
13:58:47.708 INFO: [TadState] TAD state changed: DEBUG_RESUMED -> READY (SUSPENDED, STEP)
13:58:48.358 INFO: [TadState] TAD state changed: READY -> DEBUG_RESUMED (RESUMED, STEP)
13:58:48.390 INFO: [TadState] TAD state changed: DEBUG_RESUMED -> READY (SUSPENDED, STEP)
13:58:49.163 INFO: [TadState] TAD state changed: READY -> DEBUG_RESUMED (RESUMED, STEP)
13:58:49.297 INFO: [TadState] TAD state changed: DEBUG_RESUMED -> READY (SUSPENDED, STEP)
13:58:50.14 INFO: [TadState] TAD state changed: READY -> DEBUG_RESUMED (RESUMED, STEP)
13:58:50.46 INFO: [TadState] TAD state changed: DEBUG_RESUMED -> READY (SUSPENDED, STEP)
13:58:50.460 INFO: [TadState] TAD state changed: READY -> DEBUG_RESUMED (RESUMED, STEP)
13:58:50.493 INFO: [TadState] TAD state changed: DEBUG_RESUMED -> READY (SUSPENDED, STEP)
13:58:50.830 INFO: [TadState] TAD state changed: READY -> DEBUG_RESUMED (RESUMED, STEP)
13:58:50.875 INFO: [TadState] TAD state changed: DEBUG_RESUMED -> READY (SUSPENDED, STEP)
13:58:51.78 INFO: [TadState] TAD state changed: READY -> DEBUG_RESUMED (RESUMED, STEP)
13:58:51.131 INFO: [TadState] TAD state changed: DEBUG_RESUMED -> READY (SUSPENDED, BREAKPOINT)
13:58:52.765 INFO: [TadState] TAD state changed: READY -> DEBUG_RESUMED (RESUMED, USER_REQUEST)
13:58:52.805 INFO: [TadState] TAD state changed: DEBUG_RESUMED -> READY (SUSPENDED, BREAKPOINT)
13:58:57.370 INFO: [TadState] TAD state changed: READY -> DEBUG_RESUMED (RESUMED, USER_REQUEST)
13:59:06.338 INFO: [TadState] TAD state changed: DEBUG_RESUMED -> READY (SUSPENDED, SIGNAL)
13:59:08.527 INFO: [TadModel] DSF session ID 54 has ended.
