"Task Aware Debugger for GDB" version 24.9.0 (202407110857)
Copyright 2016-2023 NXP
==================================
15:18:20.943 INFO: [TadModel] DSF session ID 21 has started.
15:18:28.842 INFO: [TadState] TAD state changed: DEBUG_STARTED -> DEBUG_INIT_0 (RESUMED, USER_REQUEST)
15:18:28.848 INFO: [TadState] TAD state changed: DEBUG_INIT_0 -> DEBUG_INIT_1 (SUSPENDED, SIGNAL)
15:18:30.182 INFO: [TadState] TAD state changed: DEBUG_INIT_1 -> DEBUG_SUSPENDED (RESUMED, USER_REQUEST)
15:18:30.208 INFO: [TadState] TAD state changed: DEBUG_SUSPENDED -> DEBUG_SUSPENDED (SUSPENDED, BREAKPOINT)
15:18:36.234 INFO: [TadState] TAD state changed: DEBUG_SUSPENDED -> DEBUG_RESUMED (RESUMED, USER_REQUEST)
15:18:36.250 INFO: [TadState] TAD state changed: DEBUG_RESUMED -> READY (SUSPENDED, BREAKPOINT)
15:18:38.765 INFO: [TadState] TAD state changed: READY -> DEBUG_RESUMED (RESUMED, STEP)
15:18:38.820 INFO: [TadState] TAD state changed: DEBUG_RESUMED -> READY (SUSPENDED, STEP)
15:18:40.892 INFO: [TadState] TAD state changed: READY -> DEBUG_RESUMED (RESUMED, STEP)
15:18:40.925 INFO: [TadState] TAD state changed: DEBUG_RESUMED -> READY (SUSPENDED, STEP)
15:18:41.653 INFO: [TadState] TAD state changed: READY -> DEBUG_RESUMED (RESUMED, STEP)
15:18:41.714 INFO: [TadState] TAD state changed: DEBUG_RESUMED -> READY (SUSPENDED, STEP)
15:18:42.168 INFO: [TadState] TAD state changed: READY -> DEBUG_RESUMED (RESUMED, STEP)
15:18:42.221 INFO: [TadState] TAD state changed: DEBUG_RESUMED -> READY (SUSPENDED, STEP)
15:18:42.712 INFO: [TadState] TAD state changed: READY -> DEBUG_RESUMED (RESUMED, STEP)
15:18:42.766 INFO: [TadState] TAD state changed: DEBUG_RESUMED -> READY (SUSPENDED, STEP)
15:18:44.371 INFO: [TadState] TAD state changed: READY -> DEBUG_RESUMED (RESUMED, STEP)
15:18:44.418 INFO: [TadState] TAD state changed: DEBUG_RESUMED -> READY (SUSPENDED, STEP)
15:18:45.969 INFO: [TadState] TAD state changed: READY -> DEBUG_RESUMED (RESUMED, STEP)
15:18:46.07 INFO: [TadState] TAD state changed: DEBUG_RESUMED -> READY (SUSPENDED, STEP)
15:18:46.540 INFO: [TadState] TAD state changed: READY -> DEBUG_RESUMED (RESUMED, STEP)
15:18:46.591 INFO: [TadState] TAD state changed: DEBUG_RESUMED -> READY (SUSPENDED, STEP)
15:18:47.208 INFO: [TadState] TAD state changed: READY -> DEBUG_RESUMED (RESUMED, STEP)
15:18:47.248 INFO: [TadState] TAD state changed: DEBUG_RESUMED -> READY (SUSPENDED, STEP)
15:18:47.796 INFO: [TadState] TAD state changed: READY -> DEBUG_RESUMED (RESUMED, STEP)
15:18:47.848 INFO: [TadState] TAD state changed: DEBUG_RESUMED -> READY (SUSPENDED, STEP)
15:18:48.789 INFO: [TadState] TAD state changed: READY -> DEBUG_RESUMED (RESUMED, STEP)
15:18:48.838 INFO: [TadState] TAD state changed: DEBUG_RESUMED -> READY (SUSPENDED, STEP)
15:18:50.942 INFO: [TadState] TAD state changed: READY -> DEBUG_RESUMED (RESUMED, STEP)
15:18:50.968 INFO: [TadState] TAD state changed: DEBUG_RESUMED -> READY (SUSPENDED, STEP)
15:18:51.534 INFO: [TadState] TAD state changed: READY -> DEBUG_RESUMED (RESUMED, STEP)
15:18:51.602 INFO: [TadState] TAD state changed: DEBUG_RESUMED -> READY (SUSPENDED, STEP)
15:18:52.78 INFO: [TadState] TAD state changed: READY -> DEBUG_RESUMED (RESUMED, STEP)
15:18:52.104 INFO: [TadState] TAD state changed: DEBUG_RESUMED -> READY (SUSPENDED, STEP)
15:18:52.422 INFO: [TadState] TAD state changed: READY -> DEBUG_RESUMED (RESUMED, STEP)
15:18:52.448 INFO: [TadState] TAD state changed: DEBUG_RESUMED -> READY (SUSPENDED, STEP)
15:18:52.655 INFO: [TadState] TAD state changed: READY -> DEBUG_RESUMED (RESUMED, STEP)
15:18:52.681 INFO: [TadState] TAD state changed: DEBUG_RESUMED -> READY (SUSPENDED, STEP)
15:18:52.889 INFO: [TadState] TAD state changed: READY -> DEBUG_RESUMED (RESUMED, STEP)
15:18:52.914 INFO: [TadState] TAD state changed: DEBUG_RESUMED -> READY (SUSPENDED, STEP)
15:18:53.169 INFO: [TadState] TAD state changed: READY -> DEBUG_RESUMED (RESUMED, STEP)
15:18:53.194 INFO: [TadState] TAD state changed: DEBUG_RESUMED -> READY (SUSPENDED, STEP)
15:18:53.588 INFO: [TadState] TAD state changed: READY -> DEBUG_RESUMED (RESUMED, STEP)
15:18:53.613 INFO: [TadState] TAD state changed: DEBUG_RESUMED -> READY (SUSPENDED, STEP)
15:18:53.991 INFO: [TadState] TAD state changed: READY -> DEBUG_RESUMED (RESUMED, STEP)
15:18:54.45 INFO: [TadState] TAD state changed: DEBUG_RESUMED -> READY (SUSPENDED, STEP)
15:18:54.487 INFO: [TadState] TAD state changed: READY -> DEBUG_RESUMED (RESUMED, STEP)
15:18:54.528 INFO: [TadState] TAD state changed: DEBUG_RESUMED -> READY (SUSPENDED, STEP)
15:18:55.109 INFO: [TadState] TAD state changed: READY -> DEBUG_RESUMED (RESUMED, STEP)
15:18:55.144 INFO: [TadState] TAD state changed: DEBUG_RESUMED -> READY (SUSPENDED, STEP)
15:18:57.98 INFO: [TadState] TAD state changed: READY -> DEBUG_RESUMED (RESUMED, STEP)
15:18:57.132 INFO: [TadState] TAD state changed: DEBUG_RESUMED -> READY (SUSPENDED, STEP)
15:18:59.573 INFO: [TadState] TAD state changed: READY -> DEBUG_RESUMED (RESUMED, STEP)
15:18:59.601 INFO: [TadState] TAD state changed: DEBUG_RESUMED -> READY (SUSPENDED, STEP)
15:19:02.756 INFO: [TadState] TAD state changed: READY -> DEBUG_RESUMED (RESUMED, STEP)
15:19:02.782 INFO: [TadState] TAD state changed: DEBUG_RESUMED -> READY (SUSPENDED, BREAKPOINT)
15:19:03.979 INFO: [TadState] TAD state changed: READY -> DEBUG_RESUMED (RESUMED, STEP)
15:19:04.28 INFO: [TadState] TAD state changed: DEBUG_RESUMED -> READY (SUSPENDED, STEP)
15:19:10.03 INFO: [TadState] TAD state changed: READY -> DEBUG_RESUMED (RESUMED, USER_REQUEST)
15:19:11.82 INFO: [TadState] TAD state changed: DEBUG_RESUMED -> READY (SUSPENDED, BREAKPOINT)
15:19:15.271 INFO: [TadState] TAD state changed: READY -> DEBUG_RESUMED (RESUMED, STEP)
15:19:15.323 INFO: [TadState] TAD state changed: DEBUG_RESUMED -> READY (SUSPENDED, STEP)
15:19:17.144 INFO: [TadState] TAD state changed: READY -> DEBUG_RESUMED (RESUMED, STEP)
15:19:17.182 INFO: [TadState] TAD state changed: DEBUG_RESUMED -> READY (SUSPENDED, STEP)
15:19:20.07 INFO: [TadState] TAD state changed: READY -> DEBUG_RESUMED (RESUMED, STEP)
15:19:20.43 INFO: [TadState] TAD state changed: DEBUG_RESUMED -> READY (SUSPENDED, STEP)
15:19:21.455 INFO: [TadState] TAD state changed: READY -> DEBUG_RESUMED (RESUMED, STEP)
15:19:21.498 INFO: [TadState] TAD state changed: DEBUG_RESUMED -> READY (SUSPENDED, STEP)
15:19:22.724 INFO: [TadState] TAD state changed: READY -> DEBUG_RESUMED (RESUMED, STEP)
15:19:22.767 INFO: [TadState] TAD state changed: DEBUG_RESUMED -> READY (SUSPENDED, STEP)
15:19:23.948 INFO: [TadState] TAD state changed: READY -> DEBUG_RESUMED (RESUMED, STEP)
15:19:23.990 INFO: [TadState] TAD state changed: DEBUG_RESUMED -> READY (SUSPENDED, STEP)
15:19:25.530 INFO: [TadState] TAD state changed: READY -> DEBUG_RESUMED (RESUMED, STEP)
15:19:25.573 INFO: [TadState] TAD state changed: DEBUG_RESUMED -> READY (SUSPENDED, STEP)
15:19:27.761 INFO: [TadState] TAD state changed: READY -> DEBUG_RESUMED (RESUMED, STEP)
15:19:27.801 INFO: [TadState] TAD state changed: DEBUG_RESUMED -> READY (SUSPENDED, STEP)
15:19:30.25 INFO: [TadState] TAD state changed: READY -> DEBUG_RESUMED (RESUMED, USER_REQUEST)
15:19:31.101 INFO: [TadState] TAD state changed: DEBUG_RESUMED -> READY (SUSPENDED, BREAKPOINT)
15:19:41.639 INFO: [TadState] TAD state changed: READY -> DEBUG_RESUMED (RESUMED, USER_REQUEST)
15:19:42.747 INFO: [TadState] TAD state changed: DEBUG_RESUMED -> READY (SUSPENDED, BREAKPOINT)
15:19:48.180 INFO: [TadModel] DSF session ID 21 has ended.
